<?xml version="1.0" encoding="UTF-8"?>
<!-- Generated by org.testng.reporters.JUnitXMLReporter -->
<testsuite ignored="3" hostname="AK-MBL-0009" failures="0" tests="2" name="Test" time="0.075" errors="0" timestamp="2021-01-04T15:04:07 PKT">
  <testcase classname="Tests.AppSetup" name="@BeforeSuite setup" time="26.774">
    <failure type="org.openqa.selenium.SessionNotCreatedException" message="Unable to create a new remote session. Please check the server log for more details. Original error: An unknown server-side error occurred while processing the command. Original error: Error executing adbExec. Original error: &amp;apos;Command &amp;apos;C:\\Users\\salman.javed\\AppData\\Local\\Android\\Sdk\\platform-tools\\adb.exe -P 5037 -s R58N208WLTE install -r C:\\Users\\SALMAN~1.JAV\\AppData\\Local\\Temp\\202104-6656-13z0i72.c2s5\\appium-uiautomator2-server-v4.5.5.apk&amp;apos; timed out after 20000ms&amp;apos;. Try to increase the 20000ms adb execution timeout represented by &amp;apos;uiautomator2ServerInstallTimeout&amp;apos; capability
Build info: version: &amp;apos;3.141.59&amp;apos;, revision: &amp;apos;e82be7d358&amp;apos;, time: &amp;apos;2018-11-14T08:17:03&amp;apos;
System info: host: &amp;apos;AK-MBL-0009&amp;apos;, ip: &amp;apos;192.168.42.210&amp;apos;, os.name: &amp;apos;Windows 10&amp;apos;, os.arch: &amp;apos;amd64&amp;apos;, os.version: &amp;apos;10.0&amp;apos;, java.version: &amp;apos;15.0.1&amp;apos;
Driver info: driver.version: AppiumDriver
remote stacktrace: UnknownError: An unknown server-side error occurred while processing the command. Original error: Error executing adbExec. Original error: &amp;apos;Command &amp;apos;C:\\Users\\salman.javed\\AppData\\Local\\Android\\Sdk\\platform-tools\\adb.exe -P 5037 -s R58N208WLTE install -r C:\\Users\\SALMAN~1.JAV\\AppData\\Local\\Temp\\202104-6656-13z0i72.c2s5\\appium-uiautomator2-server-v4.5.5.apk&amp;apos; timed out after 20000ms&amp;apos;. Try to increase the 20000ms adb execution timeout represented by &amp;apos;uiautomator2ServerInstallTimeout&amp;apos; capability
    at getResponseForW3CError (C:\Program Files\Appium\resources\app\node_modules\appium\node_modules\appium-base-driver\lib\protocol\errors.js:804:9)
    at asyncHandler (C:\Program Files\Appium\resources\app\node_modules\appium\node_modules\appium-base-driver\lib\protocol\protocol.js:392:37)
Build info: version: &amp;apos;3.141.59&amp;apos;, revision: &amp;apos;e82be7d358&amp;apos;, time: &amp;apos;2018-11-14T08:17:03&amp;apos;
System info: host: &amp;apos;AK-MBL-0009&amp;apos;, ip: &amp;apos;192.168.42.210&amp;apos;, os.name: &amp;apos;Windows 10&amp;apos;, os.arch: &amp;apos;amd64&amp;apos;, os.version: &amp;apos;10.0&amp;apos;, java.version: &amp;apos;15.0.1&amp;apos;
Driver info: driver.version: AppiumDriver">
      <![CDATA[org.openqa.selenium.SessionNotCreatedException: Unable to create a new remote session. Please check the server log for more details. Original error: An unknown server-side error occurred while processing the command. Original error: Error executing adbExec. Original error: 'Command 'C:\\Users\\salman.javed\\AppData\\Local\\Android\\Sdk\\platform-tools\\adb.exe -P 5037 -s R58N208WLTE install -r C:\\Users\\SALMAN~1.JAV\\AppData\\Local\\Temp\\202104-6656-13z0i72.c2s5\\appium-uiautomator2-server-v4.5.5.apk' timed out after 20000ms'. Try to increase the 20000ms adb execution timeout represented by 'uiautomator2ServerInstallTimeout' capability
Build info: version: '3.141.59', revision: 'e82be7d358', time: '2018-11-14T08:17:03'
System info: host: 'AK-MBL-0009', ip: '192.168.42.210', os.name: 'Windows 10', os.arch: 'amd64', os.version: '10.0', java.version: '15.0.1'
Driver info: driver.version: AppiumDriver
remote stacktrace: UnknownError: An unknown server-side error occurred while processing the command. Original error: Error executing adbExec. Original error: 'Command 'C:\\Users\\salman.javed\\AppData\\Local\\Android\\Sdk\\platform-tools\\adb.exe -P 5037 -s R58N208WLTE install -r C:\\Users\\SALMAN~1.JAV\\AppData\\Local\\Temp\\202104-6656-13z0i72.c2s5\\appium-uiautomator2-server-v4.5.5.apk' timed out after 20000ms'. Try to increase the 20000ms adb execution timeout represented by 'uiautomator2ServerInstallTimeout' capability
    at getResponseForW3CError (C:\Program Files\Appium\resources\app\node_modules\appium\node_modules\appium-base-driver\lib\protocol\errors.js:804:9)
    at asyncHandler (C:\Program Files\Appium\resources\app\node_modules\appium\node_modules\appium-base-driver\lib\protocol\protocol.js:392:37)
Build info: version: '3.141.59', revision: 'e82be7d358', time: '2018-11-14T08:17:03'
System info: host: 'AK-MBL-0009', ip: '192.168.42.210', os.name: 'Windows 10', os.arch: 'amd64', os.version: '10.0', java.version: '15.0.1'
Driver info: driver.version: AppiumDriver
at io.appium.java_client.remote.AppiumCommandExecutor$1.createSession(AppiumCommandExecutor.java:208)
at io.appium.java_client.remote.AppiumCommandExecutor.createSession(AppiumCommandExecutor.java:217)
at io.appium.java_client.remote.AppiumCommandExecutor.execute(AppiumCommandExecutor.java:239)
at org.openqa.selenium.remote.RemoteWebDriver.execute(RemoteWebDriver.java:552)
at io.appium.java_client.DefaultGenericMobileDriver.execute(DefaultGenericMobileDriver.java:41)
at io.appium.java_client.AppiumDriver.execute(AppiumDriver.java:1)
at org.openqa.selenium.remote.RemoteWebDriver.startSession(RemoteWebDriver.java:213)
at io.appium.java_client.AppiumDriver.startSession(AppiumDriver.java:336)
at org.openqa.selenium.remote.RemoteWebDriver.<init>(RemoteWebDriver.java:131)
at io.appium.java_client.DefaultGenericMobileDriver.<init>(DefaultGenericMobileDriver.java:37)
at io.appium.java_client.AppiumDriver.<init>(AppiumDriver.java:88)
at io.appium.java_client.AppiumDriver.<init>(AppiumDriver.java:98)
at Tests.AppSetup.setup(AppSetup.java:60)
at io.appium.java_client.remote.AppiumCommandExecutor$1.createSession(AppiumCommandExecutor.java:186)
... 31 more
Caused by: org.openqa.selenium.WebDriverException: An unknown server-side error occurred while processing the command. Original error: Error executing adbExec. Original error: 'Command 'C:\\Users\\salman.javed\\AppData\\Local\\Android\\Sdk\\platform-tools\\adb.exe -P 5037 -s R58N208WLTE install -r C:\\Users\\SALMAN~1.JAV\\AppData\\Local\\Temp\\202104-6656-13z0i72.c2s5\\appium-uiautomator2-server-v4.5.5.apk' timed out after 20000ms'. Try to increase the 20000ms adb execution timeout represented by 'uiautomator2ServerInstallTimeout' capability
Build info: version: '3.141.59', revision: 'e82be7d358', time: '2018-11-14T08:17:03'
System info: host: 'AK-MBL-0009', ip: '192.168.42.210', os.name: 'Windows 10', os.arch: 'amd64', os.version: '10.0', java.version: '15.0.1'
Driver info: driver.version: AppiumDriver
remote stacktrace: UnknownError: An unknown server-side error occurred while processing the command. Original error: Error executing adbExec. Original error: 'Command 'C:\\Users\\salman.javed\\AppData\\Local\\Android\\Sdk\\platform-tools\\adb.exe -P 5037 -s R58N208WLTE install -r C:\\Users\\SALMAN~1.JAV\\AppData\\Local\\Temp\\202104-6656-13z0i72.c2s5\\appium-uiautomator2-server-v4.5.5.apk' timed out after 20000ms'. Try to increase the 20000ms adb execution timeout represented by 'uiautomator2ServerInstallTimeout' capability
    at getResponseForW3CError (C:\Program Files\Appium\resources\app\node_modules\appium\node_modules\appium-base-driver\lib\protocol\errors.js:804:9)
    at asyncHandler (C:\Program Files\Appium\resources\app\node_modules\appium\node_modules\appium-base-driver\lib\protocol\protocol.js:392:37)
at org.openqa.selenium.remote.W3CHandshakeResponse.lambda$errorHandler$0(W3CHandshakeResponse.java:62)
at org.openqa.selenium.remote.HandshakeResponse.lambda$getResponseFunction$0(HandshakeResponse.java:30)
at org.openqa.selenium.remote.ProtocolHandshake.lambda$createSession$0(ProtocolHandshake.java:126)
at java.base/java.util.stream.ReferencePipeline$3$1.accept(ReferencePipeline.java:195)
at java.base/java.util.Spliterators$ArraySpliterator.tryAdvance(Spliterators.java:958)
at java.base/java.util.stream.ReferencePipeline.forEachWithCancel(ReferencePipeline.java:127)
at java.base/java.util.stream.AbstractPipeline.copyIntoWithCancel(AbstractPipeline.java:502)
at java.base/java.util.stream.AbstractPipeline.copyInto(AbstractPipeline.java:488)
at java.base/java.util.stream.AbstractPipeline.wrapAndCopyInto(AbstractPipeline.java:474)
at java.base/java.util.stream.FindOps$FindOp.evaluateSequential(FindOps.java:150)
at java.base/java.util.stream.AbstractPipeline.evaluate(AbstractPipeline.java:234)
at java.base/java.util.stream.ReferencePipeline.findFirst(ReferencePipeline.java:543)
at org.openqa.selenium.remote.ProtocolHandshake.createSession(ProtocolHandshake.java:128)
... 36 more
... Removed 29 stack frames]]>
    </failure>
  </testcase> <!-- @BeforeSuite setup -->
  <testcase classname="Tests.AppSetup" name="@AfterMethod getResult" time="-1.609754647035E9">
    <skipped/>
  </testcase> <!-- @AfterMethod getResult -->
  <testcase classname="Tests.AppSetup" name="@AfterMethod getResult" time="-1.609754647058E9">
    <skipped/>
  </testcase> <!-- @AfterMethod getResult -->
  <testcase classname="Tests.LoignWithPIN" name="login" time="0.0">
    <skipped/>
  </testcase> <!-- login -->
  <testcase classname="Tests.MoneyTransferIBFT" name="ClickOnMoneyTransfer" time="0.0">
    <skipped/>
  </testcase> <!-- ClickOnMoneyTransfer -->
  <testcase classname="Tests.AppSetup" name="@AfterSuite tearDown" time="0.0">
    <ignored/>
  </testcase> <!-- @AfterSuite tearDown -->
  <testcase classname="Tests.AppSetup" name="@BeforeSuite reportsetup" time="0.0">
    <ignored/>
  </testcase> <!-- @BeforeSuite reportsetup -->
  <testcase classname="Tests.AppSetup" name="@BeforeSuite setup" time="0.0">
    <ignored/>
  </testcase> <!-- @BeforeSuite setup -->
</testsuite> <!-- Test -->
