<?xml version="1.0" encoding="UTF-8"?>
<!-- Generated by org.testng.reporters.JUnitXMLReporter -->
<testsuite ignored="0" hostname="AK-MBL-0009" failures="0" tests="1" name="Test" time="70.166" errors="0" timestamp="2021-01-14T11:43:04 PKT">
  <testcase classname="Tests.AppSetup" name="@AfterTest getResult" time="-1.610606584303E9">
    <failure type="org.testng.TestNGException" message="
Can inject only one of &amp;lt;ITestContext, XmlTest&amp;gt; into a @AfterTest annotated getResult.
For more information on native dependency injection please refer to https://testng.org/doc/documentation-main.html#native-dependency-injection">
      <![CDATA[org.testng.TestNGException: 
Can inject only one of <ITestContext, XmlTest> into a @AfterTest annotated getResult.
For more information on native dependency injection please refer to https://testng.org/doc/documentation-main.html#native-dependency-injection
... Removed 21 stack frames]]>
    </failure>
  </testcase> <!-- @AfterTest getResult -->
  <testcase classname="Tests.AppSetup" name="@AfterTest tearDown" time="-1.610606584315E9">
    <skipped/>
  </testcase> <!-- @AfterTest tearDown -->
  <testcase classname="Tests.LoignWithPIN" name="login" time="27.25"/>
</testsuite> <!-- Test -->
